#
# A fatal error has been detected by the Java Runtime Environment:
#
#  EXCEPTION_ACCESS_VIOLATION (0xc0000005) at pc=0x00007ff8f86a615c, pid=7032, tid=16768
#
# JRE version: OpenJDK Runtime Environment Zulu24.30+11-CA (24.0.1+9) (build 24.0.1+9)
# Java VM: OpenJDK 64-Bit Server VM Zulu24.30+11-CA (24.0.1+9, mixed mode, sharing, tiered, compressed oops, compressed class ptrs, g1 gc, windows-amd64)
# Problematic frame:
# V  [jvm.dll+0x33615c]
#
# No core dump will be written. Minidumps are not enabled by default on client versions of Windows
#
# If you would like to submit a bug report, please visit:
#   http://www.azul.com/support/
#

---------------  S U M M A R Y ------------

Command Line: -Dapplication.home=C:\Program Files\Apache NetBeans\jdk --add-modules=ALL-DEFAULT -Xms8m -Djdk.module.main=jdk.compiler jdk.compiler/com.sun.tools.javac.Main -d C:\Users\charlie\Documents\NetBeansProjects\CaiseEglise\build\classes -classpath C:\Users\charlie\Documents\NetBeansProjects\CaiseEglise\build\classes;C:\Users\charlie\Desktop\aaaaaa\mysql-connector-j-9.2.0\mysql-connector-j-9.2.0\mysql-connector-j-9.2.0.jar;C:\Users\charlie\Downloads\jcalendar-1.4.jar;C:\Users\charlie\Downloads\flatlaf-3.6.1.jar;C:\Users\charlie\Downloads\commons-logging-1.2.jar;C:\Users\charlie\Downloads\fontbox-3.0.5.jar;C:\Users\charlie\Downloads\zz\pdfbox-app-3.0.5.jar;C:\Users\charlie\Downloads\itextpdf-5.1.1.jar -sourcepath C:\Users\charlie\Documents\NetBeansProjects\CaiseEglise\build\empty -target 24 -encoding UTF-8 -g -processorpath C:\Users\charlie\Desktop\aaaaaa\mysql-connector-j-9.2.0\mysql-connector-j-9.2.0\mysql-connector-j-9.2.0.jar;C:\Users\charlie\Downloads\jcalendar-1.4.jar;C:\Users\charlie\Downloads\flatlaf-3.6.1.jar;C:\Users\charlie\Downloads\commons-logging-1.2.jar;C:\Users\charlie\Downloads\fontbox-3.0.5.jar;C:\Users\charlie\Downloads\zz\pdfbox-app-3.0.5.jar;C:\Users\charlie\Downloads\itextpdf-5.1.1.jar;C:\Users\charlie\Documents\NetBeansProjects\CaiseEglise\build\empty -s C:\Users\charlie\Documents\NetBeansProjects\CaiseEglise\build\generated-sources\ap-source-output -source 24 C:\Users\charlie\Documents\NetBeansProjects\CaiseEglise\src\caiseeglise\CaiseEglise.java C:\Users\charlie\Documents\NetBeansProjects\CaiseEglise\src\caiseeglise\Controlleurs\Controlleur.java C:\Users\charlie\Documents\NetBeansProjects\CaiseEglise\src\caiseeglise\Controlleurs\EgliseController.java C:\Users\charlie\Documents\NetBeansProjects\CaiseEglise\src\caiseeglise\EgliseForm\EgliseAjoute.java C:\Users\charlie\Documents\NetBeansProjects\CaiseEglise\src\caiseeglise\EgliseForm\EgliseModifier.java C:\Users\charlie\Documents\NetBeansProjects\CaiseEglise\src\caiseeglise\EgliseForm\EgliseSupprimer.java C:\Users\charlie\Documents\NetBeansProjects\CaiseEglise\src\caiseeglise\EgliseView.java C:\Users\charlie\Documents\NetBeansProjects\CaiseEglise\src\caiseeglise\EntreForm\EntreAjoute.java C:\Users\charlie\Documents\NetBeansProjects\CaiseEglise\src\caiseeglise\EntreView.java C:\Users\charlie\Documents\NetBeansProjects\CaiseEglise\src\caiseeglise\Menu.java C:\Users\charlie\Documents\NetBeansProjects\CaiseEglise\src\caiseeglise\Models\Database.java C:\Users\charlie\Documents\NetBeansProjects\CaiseEglise\src\caiseeglise\Models\Eglise.java C:\Users\charlie\Documents\NetBeansProjects\CaiseEglise\src\caiseeglise\Models\Entre.java C:\Users\charlie\Documents\NetBeansProjects\CaiseEglise\src\caiseeglise\Models\Methodes.java C:\Users\charlie\Documents\NetBeansProjects\CaiseEglise\src\caiseeglise\Models\Sortie.java C:\Users\charlie\Documents\NetBeansProjects\CaiseEglise\src\caiseeglise\Models\Table.java C:\Users\charlie\Documents\NetBeansProjects\CaiseEglise\src\caiseeglise\PDFCreator.java C:\Users\charlie\Documents\NetBeansProjects\CaiseEglise\src\caiseeglise\RoundedBorder.java C:\Users\charlie\Documents\NetBeansProjects\CaiseEglise\src\caiseeglise\RoundedButton.java C:\Users\charlie\Documents\NetBeansProjects\CaiseEglise\src\caiseeglise\SortieForm\SortieAjouter.java C:\Users\charlie\Documents\NetBeansProjects\CaiseEglise\src\caiseeglise\SortieView.java C:\Users\charlie\Documents\NetBeansProjects\CaiseEglise\src\caiseeglise\Style.java

Host: Intel(R) Core(TM) i5-5200U CPU @ 2.20GHz, 4 cores, 7G,  Windows 11 , 64 bit Build 22621 (10.0.22621.3958)
Time: Mon Jul 21 04:26:12 2025 Afrique de l, 64 bit Build 22621 (10.0.22621.3958) elapsed time: 2.346082 seconds (0d 0h 0m 2s)

---------------  T H R E A D  ---------------

Current thread (0x000001fad016ced0):  JavaThread "C2 CompilerThread0" daemon [_thread_in_native, id=16768, stack(0x0000001d34d00000,0x0000001d34e00000) (1024K)]


Current CompileTask:
C2:2346 2346   !   4       com.sun.tools.javac.jvm.ClassReader::classSigToType (530 bytes)

Stack: [0x0000001d34d00000,0x0000001d34e00000],  sp=0x0000001d34dfbac0,  free space=1006k
Native frames: (J=compiled Java code, j=interpreted, Vv=VM code, C=native code)
V  [jvm.dll+0x33615c]  (no source info available)
V  [jvm.dll+0x337da3]  (no source info available)
V  [jvm.dll+0x3393c8]  (no source info available)
V  [jvm.dll+0x27b5df]  (no source info available)
V  [jvm.dll+0x279542]  (no source info available)
V  [jvm.dll+0x1f313a]  (no source info available)
V  [jvm.dll+0x288e35]  (no source info available)
V  [jvm.dll+0x2870ca]  (no source info available)
V  [jvm.dll+0x43df56]  (no source info available)
V  [jvm.dll+0x920928]  (no source info available)
V  [jvm.dll+0x73f855]  (no source info available)
C  [ucrtbase.dll+0x29333]  (no source info available)
C  [KERNEL32.DLL+0x1257d]  (no source info available)
C  [ntdll.dll+0x5af08]  (no source info available)


siginfo: EXCEPTION_ACCESS_VIOLATION (0xc0000005), reading address 0x000001f8d0816f38


Registers:
RAX=0x000001fad0db23c0, RBX=0x000001f8d0816f10, RCX=0x000001fad5c76400, RDX=0x000001f8d0816f10
RSP=0x0000001d34dfbac0, RBP=0x0000001d34dfbc20, RSI=0x000001fad5c76400, RDI=0x000001fad0816b78
R8 =0x0000001d34dfbcb0, R9 =0x0000001d34dfbcb0, R10=0x00007ff8f8e509a0, R11=0x000001fad5791158
R12=0x0000000000000040, R13=0x000001fad5c76470, R14=0x0000000000000000, R15=0x0000000000000200
RIP=0x00007ff8f86a615c, EFLAGS=0x0000000000010206

XMM[0]=0x0000000000000000 0x0000000000000000
XMM[1]=0x0000000000000000 0x0000000000000000
XMM[2]=0x0000000000000000 0x0000000000000000
XMM[3]=0x0000000000000000 0x0000000000000000
XMM[4]=0x0000000000000000 0x0000000000000000
XMM[5]=0x0000000000000000 0x0000000000000000
XMM[6]=0x0000000000000000 0x0000000000000000
XMM[7]=0x0000000000000000 0x0000000000000000
XMM[8]=0x0000000000000000 0x0000000000000000
XMM[9]=0x0000000000000000 0x0000000000000000
XMM[10]=0x0000000000000000 0x0000000000000000
XMM[11]=0x0000000000000000 0x0000000000000000
XMM[12]=0x0000000000000000 0x0000000000000000
XMM[13]=0x0000000000000000 0x0000000000000000
XMM[14]=0x0000000000000000 0x0000000000000000
XMM[15]=0x0000000000000000 0x0000000000000000
  MXCSR=0x00001fa0


Register to memory mapping:

RAX=0x000001fad0db23c0 points into unknown readable memory: 0x000001fad5535a30 | 30 5a 53 d5 fa 01 00 00
RBX=0x000001f8d0816f10 is an unknown value
RCX=0x000001fad5c76400 points into unknown readable memory: 0x0000214d00001e46 | 46 1e 00 00 4d 21 00 00
RDX=0x000001f8d0816f10 is an unknown value
RSP=0x0000001d34dfbac0 is pointing into the stack for thread: 0x000001fad016ced0
RBP=0x0000001d34dfbc20 is pointing into the stack for thread: 0x000001fad016ced0
RSI=0x000001fad5c76400 points into unknown readable memory: 0x0000214d00001e46 | 46 1e 00 00 4d 21 00 00
RDI=0x000001fad0816b78 points into unknown readable memory: 0x000001fad5157780 | 80 77 15 d5 fa 01 00 00
R8 =0x0000001d34dfbcb0 is pointing into the stack for thread: 0x000001fad016ced0
R9 =0x0000001d34dfbcb0 is pointing into the stack for thread: 0x000001fad016ced0
R10=0x00007ff8f8e509a0 jvm.dll
R11=0x000001fad5791158 points into unknown readable memory: 0x000001fad01a77d0 | d0 77 1a d0 fa 01 00 00
R12=0x0000000000000040 is an unknown value
R13=0x000001fad5c76470 points into unknown readable memory: 0x000001fad0125ae0 | e0 5a 12 d0 fa 01 00 00
R14=0x0 is null
R15=0x0000000000000200 is an unknown value

Top of Stack: (sp=0x0000001d34dfbac0)
0x0000001d34dfbac0:   000001fad5c76400 000000000000003c   .d......<.......
0x0000001d34dfbad0:   000001fad08102f8 000001fad5c76400   .........d......
0x0000001d34dfbae0:   000001fad0816830 000001fa00000023   0h......#.......
0x0000001d34dfbaf0:   0000000000000200 0000000000000040   ........@.......
0x0000001d34dfbb00:   000001fad0816b78 0000001d34dfbc20   xk...... ..4....
0x0000001d34dfbb10:   000001f8d0816f10 00007ff8f86a7da3   .o.......}j.....
0x0000001d34dfbb20:   000001fad0816830 000001fad5c76400   0h.......d......
0x0000001d34dfbb30:   0000000000000000 000001fad055a218   ..........U.....
0x0000001d34dfbb40:   000001fae77c0000 0000000000000002   ..|.............
0x0000001d34dfbb50:   0000010000000002 0000010000000200   ................
0x0000001d34dfbb60:   0000000800000002 0000004000000200   ............@...
0x0000001d34dfbb70:   00000100000000cf 000001fad08e9ed0   ................
0x0000001d34dfbb80:   0000000000000000 000001fad055a1c8   ..........U.....
0x0000001d34dfbb90:   0000000200000000 000001fad055a1c8   ..........U.....
0x0000001d34dfbba0:   0000000000000000 00007ff800000b60   ........`.......
0x0000001d34dfbbb0:   0000001d34dfe0a0 0000004000000022   ...4...."...@...
0x0000001d34dfbbc0:   000001fad08e9cd0 0000000000000000   ................
0x0000001d34dfbbd0:   000001fad08ea6d0 000001fad08e8cd0   ................
0x0000001d34dfbbe0:   000001fad08ed6b0 000001fad54b1900   ..........K.....
0x0000001d34dfbbf0:   000001fad055a1e8 000001fad54b3f00   ..U......?K.....
0x0000001d34dfbc00:   000001f8d0816f10 000001fad54ae3e0   .o........J.....
0x0000001d34dfbc10:   000001fad08e9cd0 0000008000000061   ........a.......
0x0000001d34dfbc20:   000001fad54ae3e0 0000000000000000   ..J.............
0x0000001d34dfbc30:   000004000000024f 000001fad08ea6d0   O...............
0x0000001d34dfbc40:   0000000000000000 0000000800000006   ................
0x0000001d34dfbc50:   000001fad54b3f00 0000000000000000   .?K.............
0x0000001d34dfbc60:   0000000200000000 000001fad055a1e8   ..........U.....
0x0000001d34dfbc70:   0000000000000000 00000100000000ad   ................
0x0000001d34dfbc80:   000001fad54b1900 0000000000000000   ..K.............
0x0000001d34dfbc90:   000001fad08e9ed0 000002000000011e   ................
0x0000001d34dfbca0:   000001fad08ed6b0 0000000000000000   ................
0x0000001d34dfbcb0:   000001fad0125ae0 0000000000000200   .Z..............

Instructions: (pc=0x00007ff8f86a615c)
  0x00007ff8f86a605c:   f2 48 8b f9 4a 83 3c c8 00 75 50 48 8b 51 60 b9
  0x00007ff8f86a606c:   48 00 00 00 48 81 c2 28 01 00 00 48 89 5c 24 40
  0x00007ff8f86a607c:   e8 3f 92 d8 ff 48 8b d8 48 85 c0 74 1b 44 8b cd
  0x00007ff8f86a608c:   c7 44 24 20 02 00 00 00 4c 8b c6 48 8b d7 48 8b
  0x00007ff8f86a609c:   c8 e8 9e e7 ff ff eb 02 33 db 48 63 4e 28 48 8b
  0x00007ff8f86a60ac:   47 08 48 89 1c c8 48 8b 5c 24 40 48 8b 6c 24 48
  0x00007ff8f86a60bc:   48 8b 74 24 50 48 83 c4 30 5f c3 cc cc cc cc cc
  0x00007ff8f86a60cc:   cc cc cc cc 48 89 5c 24 08 48 89 74 24 10 57 48
  0x00007ff8f86a60dc:   83 ec 20 48 83 7c 24 50 00 48 8b da 4d 63 49 28
  0x00007ff8f86a60ec:   48 8b f9 48 8b 41 08 4a 8b 34 c8 74 26 e8 42 ff
  0x00007ff8f86a60fc:   ff ff 48 85 f6 75 1c 48 8b 4c 24 50 48 8b d3 48
  0x00007ff8f86a610c:   8b 5c 24 30 48 8b 74 24 38 48 83 c4 20 5f e9 81
  0x00007ff8f86a611c:   69 da ff 48 63 43 28 4c 8b c6 48 8b 57 08 48 8b
  0x00007ff8f86a612c:   cf 48 8b 14 c2 48 8b 5c 24 30 48 8b 74 24 38 48
  0x00007ff8f86a613c:   83 c4 20 5f e9 8b ec ff ff cc cc cc cc cc cc cc
  0x00007ff8f86a614c:   cc cc cc cc 40 53 55 57 41 54 41 57 48 83 ec 30
=>0x00007ff8f86a615c:   48 63 42 28 49 8b e8 4c 8b 79 68 48 8b da 48 8b
  0x00007ff8f86a616c:   f9 4c 8d 24 c5 00 00 00 00 48 8b 41 08 49 83 3c
  0x00007ff8f86a617c:   04 00 0f 85 cb 04 00 00 48 8b 02 48 8b ca 4c 89
  0x00007ff8f86a618c:   74 24 70 ff 10 48 8b 0d 40 2e a2 00 4c 8b cd 89
  0x00007ff8f86a619c:   44 24 28 4d 8b c7 48 8b d7 48 89 5c 24 20 44 8b
  0x00007ff8f86a61ac:   f0 48 8b 49 28 4c 8b 11 41 ff 92 20 01 00 00 84
  0x00007ff8f86a61bc:   c0 0f 85 87 04 00 00 8b 4b 2c 8b c1 83 e0 07 3c
  0x00007ff8f86a61cc:   07 0f 85 bf 00 00 00 8b c1 83 e0 7f 3c 47 74 14
  0x00007ff8f86a61dc:   8b c1 83 e0 3f 3c 27 75 26 48 8b d3 48 8b cf e8
  0x00007ff8f86a61ec:   80 e8 ff ff 48 8b d3 48 8b cf 4c 8b 74 24 70 48
  0x00007ff8f86a61fc:   83 c4 30 41 5f 41 5c 5f 5d 5b e9 05 58 00 00 83
  0x00007ff8f86a620c:   e1 1f 80 f9 1f 75 1d 48 8b 4b 78 48 85 c9 74 14
  0x00007ff8f86a621c:   48 8d 15 05 1c 78 00 e8 c0 61 6c 00 85 c0 0f 84
  0x00007ff8f86a622c:   1a 04 00 00 48 8b d3 48 8b cd e8 65 68 da ff 48
  0x00007ff8f86a623c:   8b cb e8 fd 6e 00 00 84 c0 74 12 ba 05 00 00 00
  0x00007ff8f86a624c:   48 8b cb e8 bc 1e 3d 00 48 85 c0 75 1e 8b 43 2c


Stack slot to memory mapping:

stack at sp + 0 slots: 0x000001fad5c76400 points into unknown readable memory: 0x0000214d00001e46 | 46 1e 00 00 4d 21 00 00
stack at sp + 1 slots: 0x000000000000003c is an unknown value
stack at sp + 2 slots: 0x000001fad08102f8 points into unknown readable memory: 0x00007ff8f8e29020 | 20 90 e2 f8 f8 7f 00 00
stack at sp + 3 slots: 0x000001fad5c76400 points into unknown readable memory: 0x0000214d00001e46 | 46 1e 00 00 4d 21 00 00
stack at sp + 4 slots: 0x000001fad0816830 points into unknown readable memory: 0x00007ff8f8e0bbe8 | e8 bb e0 f8 f8 7f 00 00
stack at sp + 5 slots: 0x000001fa00000023 is an unknown value
stack at sp + 6 slots: 0x0000000000000200 is an unknown value
stack at sp + 7 slots: 0x0000000000000040 is an unknown value

Lock stack of current Java thread (top to bottom):


---------------  P R O C E S S  ---------------

Threads class SMR info:
_java_thread_list=0x000001fad0a91710, length=12, elements={
0x000001fae78ba730, 0x000001fad0138880, 0x000001fad0139880, 0x000001fad013e420,
0x000001fad013f360, 0x000001fad01402a0, 0x000001fad0148de0, 0x000001fad016ced0,
0x000001fad0179c60, 0x000001fad032f5a0, 0x000001fad0474880, 0x000001fad0a90bd0
}

Java Threads: ( => current thread )
  0x000001fae78ba730 JavaThread "main"                              [_thread_in_Java, id=13740, stack(0x0000001d33f00000,0x0000001d34000000) (1024K)]
  0x000001fad0138880 JavaThread "Reference Handler"          daemon [_thread_blocked, id=16000, stack(0x0000001d34700000,0x0000001d34800000) (1024K)]
  0x000001fad0139880 JavaThread "Finalizer"                  daemon [_thread_blocked, id=12568, stack(0x0000001d34800000,0x0000001d34900000) (1024K)]
  0x000001fad013e420 JavaThread "Signal Dispatcher"          daemon [_thread_blocked, id=4592, stack(0x0000001d34900000,0x0000001d34a00000) (1024K)]
  0x000001fad013f360 JavaThread "Attach Listener"            daemon [_thread_blocked, id=5812, stack(0x0000001d34a00000,0x0000001d34b00000) (1024K)]
  0x000001fad01402a0 JavaThread "Service Thread"             daemon [_thread_blocked, id=16824, stack(0x0000001d34b00000,0x0000001d34c00000) (1024K)]
  0x000001fad0148de0 JavaThread "Monitor Deflation Thread"   daemon [_thread_blocked, id=13360, stack(0x0000001d34c00000,0x0000001d34d00000) (1024K)]
=>0x000001fad016ced0 JavaThread "C2 CompilerThread0"         daemon [_thread_in_native, id=16768, stack(0x0000001d34d00000,0x0000001d34e00000) (1024K)]
  0x000001fad0179c60 JavaThread "C1 CompilerThread0"         daemon [_thread_in_vm, id=13800, stack(0x0000001d34e00000,0x0000001d34f00000) (1024K)]
  0x000001fad032f5a0 JavaThread "Notification Thread"        daemon [_thread_blocked, id=15052, stack(0x0000001d34f00000,0x0000001d35000000) (1024K)]
  0x000001fad0474880 JavaThread "Common-Cleaner"             daemon [_thread_blocked, id=3260, stack(0x0000001d35000000,0x0000001d35100000) (1024K)]
  0x000001fad0a90bd0 JavaThread "C2 CompilerThread1"         daemon [_thread_in_native, id=16096, stack(0x0000001d35100000,0x0000001d35200000) (1024K)]
Total: 12

Other Threads:
  0x000001fae9c3eac0 VMThread "VM Thread"                           [id=15348, stack(0x0000001d34600000,0x0000001d34700000) (1024K)]
  0x000001fad011ca10 WatcherThread "VM Periodic Task Thread"        [id=15232, stack(0x0000001d34500000,0x0000001d34600000) (1024K)]
  0x000001fae9bf3770 WorkerThread "GC Thread#0"                     [id=16988, stack(0x0000001d34000000,0x0000001d34100000) (1024K)]
  0x000001fad0807bf0 WorkerThread "GC Thread#1"                     [id=15788, stack(0x0000001d35200000,0x0000001d35300000) (1024K)]
  0x000001fad0cb1f40 WorkerThread "GC Thread#2"                     [id=4460, stack(0x0000001d35300000,0x0000001d35400000) (1024K)]
  0x000001fad50167a0 WorkerThread "GC Thread#3"                     [id=17324, stack(0x0000001d35400000,0x0000001d35500000) (1024K)]
  0x000001fae9c08440 ConcurrentGCThread "G1 Main Marker"            [id=6844, stack(0x0000001d34100000,0x0000001d34200000) (1024K)]
  0x000001fae9c08e60 WorkerThread "G1 Conc#0"                       [id=11684, stack(0x0000001d34200000,0x0000001d34300000) (1024K)]
  0x000001fae9c29c90 ConcurrentGCThread "G1 Refine#0"               [id=16912, stack(0x0000001d34300000,0x0000001d34400000) (1024K)]
  0x000001fae9c2a720 ConcurrentGCThread "G1 Service"                [id=11204, stack(0x0000001d34400000,0x0000001d34500000) (1024K)]
Total: 10

Threads with active compile tasks:
C2 CompilerThread0  2558 2346   !   4       com.sun.tools.javac.jvm.ClassReader::classSigToType (530 bytes)
C1 CompilerThread0  2558 2936       2       com.sun.tools.javac.code.Lint$AugmentVisitor::initSyms (19 bytes)
C2 CompilerThread1  2558 2584       4       jdk.internal.jimage.ImageLocation::getFullName (109 bytes)
Total: 3

VM state: not at safepoint (normal execution)

VM Mutex/Monitor currently owned by a thread: None

Heap address: 0x0000000081a00000, size: 2022 MB, Compressed Oops mode: 32-bit

CDS archive(s) mapped at: [0x000001fa8f000000-0x000001fa8fd40000-0x000001fa8fd40000), size 13893632, SharedBaseAddress: 0x000001fa8f000000, ArchiveRelocationMode: 1.
Compressed class space mapped at: 0x000001fa90000000-0x000001fad0000000, reserved size: 1073741824
UseCompressedClassPointers 1, UseCompactObjectHeaders 0
Narrow klass pointer bits 32, Max shift 3
Narrow klass base: 0x000001fa8f000000, Narrow klass shift: 0
Encoding Range: [0x000001fa8f000000 - 0x000001fb8f000000), (4294967296 bytes)
Klass Range:    [0x000001fa8f000000 - 0x000001fad0000000), (1090519040 bytes)
Klass ID Range:  [8 - 1090519033) (1090519025)

GC Precious Log:
 CardTable entry size: 512
 Card Set container configuration: InlinePtr #cards 5 size 8 Array Of Cards #cards 10 size 36 Howl #buckets 4 coarsen threshold 1843 Howl Bitmap #cards 512 size 80 coarsen threshold 460 Card regions per heap region 1 cards per card region 2048
 CPUs: 4 total, 4 available
 Memory: 8083M
 Large Page Support: Disabled
 NUMA Support: Disabled
 Compressed Oops: Enabled (32-bit)
 Heap Region Size: 1M
 Heap Min Capacity: 8M
 Heap Initial Capacity: 8M
 Heap Max Capacity: 2022M
 Pre-touch: Disabled
 Parallel Workers: 4
 Concurrent Workers: 1
 Concurrent Refinement Workers: 4
 Periodic GC: Disabled

Heap:
 garbage-first heap   total reserved 2070528K, committed 30720K, used 19589K [0x0000000081a00000, 0x0000000100000000)
  region size 1024K, 4 young (4096K), 2 survivors (2048K)
 Metaspace       used 11372K, committed 11584K, reserved 1114112K
  class space    used 1117K, committed 1216K, reserved 1048576K

Heap Regions: E=young(eden), S=young(survivor), O=old, HS=humongous(starts), HC=humongous(continues), CS=collection set, F=free, TAMS=top-at-mark-start, PB=parsable bottom
|   0|0x0000000081a00000, 0x0000000081b00000, 0x0000000081b00000|100%| O|  |TAMS 0x0000000081a00000| PB 0x0000000081a00000| Untracked |  0
|   1|0x0000000081b00000, 0x0000000081c00000, 0x0000000081c00000|100%| O|  |TAMS 0x0000000081b00000| PB 0x0000000081b00000| Untracked |  0
|   2|0x0000000081c00000, 0x0000000081d00000, 0x0000000081d00000|100%|HS|  |TAMS 0x0000000081c00000| PB 0x0000000081c00000| Complete |  0
|   3|0x0000000081d00000, 0x0000000081e00000, 0x0000000081e00000|100%| O|  |TAMS 0x0000000081d00000| PB 0x0000000081d00000| Untracked |  0
|   4|0x0000000081e00000, 0x0000000081f00000, 0x0000000081f00000|100%| O|  |TAMS 0x0000000081e00000| PB 0x0000000081e00000| Untracked |  0
|   5|0x0000000081f00000, 0x0000000082000000, 0x0000000082000000|100%| O|  |TAMS 0x0000000081f00000| PB 0x0000000081f00000| Untracked |  0
|   6|0x0000000082000000, 0x0000000082100000, 0x0000000082100000|100%|HS|  |TAMS 0x0000000082000000| PB 0x0000000082000000| Complete |  0
|   7|0x0000000082100000, 0x0000000082200000, 0x0000000082200000|100%| O|  |TAMS 0x0000000082100000| PB 0x0000000082100000| Untracked |  0
|   8|0x0000000082200000, 0x0000000082300000, 0x0000000082300000|100%| O|  |TAMS 0x0000000082200000| PB 0x0000000082200000| Untracked |  0
|   9|0x0000000082300000, 0x0000000082400000, 0x0000000082400000|100%| O|  |TAMS 0x0000000082300000| PB 0x0000000082300000| Untracked |  0
|  10|0x0000000082400000, 0x0000000082500000, 0x0000000082500000|100%| O|  |TAMS 0x0000000082400000| PB 0x0000000082400000| Untracked |  0
|  11|0x0000000082500000, 0x0000000082600000, 0x0000000082600000|100%| O|Cm|TAMS 0x0000000082500000| PB 0x0000000082500000| Complete |  0
|  12|0x0000000082600000, 0x0000000082700000, 0x0000000082700000|100%| O|  |TAMS 0x0000000082600000| PB 0x0000000082600000| Untracked |  0
|  13|0x0000000082700000, 0x0000000082800000, 0x0000000082800000|100%| O|  |TAMS 0x0000000082700000| PB 0x0000000082700000| Untracked |  0
|  14|0x0000000082800000, 0x0000000082900000, 0x0000000082900000|100%| O|  |TAMS 0x0000000082800000| PB 0x0000000082800000| Untracked |  0
|  15|0x0000000082900000, 0x00000000829d92c0, 0x0000000082a00000| 84%| O|  |TAMS 0x0000000082900000| PB 0x0000000082900000| Untracked |  0
|  16|0x0000000082a00000, 0x0000000082a00000, 0x0000000082b00000|  0%| F|  |TAMS 0x0000000082a00000| PB 0x0000000082a00000| Untracked |  0
|  17|0x0000000082b00000, 0x0000000082b00000, 0x0000000082c00000|  0%| F|  |TAMS 0x0000000082b00000| PB 0x0000000082b00000| Untracked |  0
|  18|0x0000000082c00000, 0x0000000082c00000, 0x0000000082d00000|  0%| F|  |TAMS 0x0000000082c00000| PB 0x0000000082c00000| Untracked |  0
|  19|0x0000000082d00000, 0x0000000082d00000, 0x0000000082e00000|  0%| F|  |TAMS 0x0000000082d00000| PB 0x0000000082d00000| Untracked |  0
|  20|0x0000000082e00000, 0x0000000082e484d0, 0x0000000082f00000| 28%| S|CS|TAMS 0x0000000082e00000| PB 0x0000000082e00000| Complete |  0
|  21|0x0000000082f00000, 0x0000000083000000, 0x0000000083000000|100%| S|CS|TAMS 0x0000000082f00000| PB 0x0000000082f00000| Complete |  0
|  22|0x0000000083000000, 0x0000000083000000, 0x0000000083100000|  0%| F|  |TAMS 0x0000000083000000| PB 0x0000000083000000| Untracked |  0
|  23|0x0000000083100000, 0x0000000083100000, 0x0000000083200000|  0%| F|  |TAMS 0x0000000083100000| PB 0x0000000083100000| Untracked |  0
|  24|0x0000000083200000, 0x0000000083200000, 0x0000000083300000|  0%| F|  |TAMS 0x0000000083200000| PB 0x0000000083200000| Untracked |  0
|  25|0x0000000083300000, 0x0000000083300000, 0x0000000083400000|  0%| F|  |TAMS 0x0000000083300000| PB 0x0000000083300000| Untracked |  0
|  26|0x0000000083400000, 0x0000000083400000, 0x0000000083500000|  0%| F|  |TAMS 0x0000000083400000| PB 0x0000000083400000| Untracked |  0
|  27|0x0000000083500000, 0x0000000083600000, 0x0000000083600000|100%| E|  |TAMS 0x0000000083500000| PB 0x0000000083500000| Complete |  0
|2020|0x00000000ffe00000, 0x00000000fff00000, 0x00000000fff00000|100%| O|  |TAMS 0x00000000ffe00000| PB 0x00000000ffe00000| Untracked |  0
|2021|0x00000000fff00000, 0x0000000100000000, 0x0000000100000000|100%| E|CS|TAMS 0x00000000fff00000| PB 0x00000000fff00000| Complete |  0

Card table byte_map: [0x000001faf2a80000,0x000001faf2e80000] _byte_map_base: 0x000001faf2673000

Marking Bits: (CMBitMap*) 0x000001fae9bf3d90
 Bits: [0x000001faf2e80000, 0x000001faf4e18000)

Polling page: 0x000001fae9350000

Metaspace:

Usage:
  Non-class:     10.01 MB used.
      Class:      1.09 MB used.
       Both:     11.11 MB used.

Virtual space:
  Non-class space:       64.00 MB reserved,      10.12 MB ( 16%) committed,  1 nodes.
      Class space:        1.00 GB reserved,       1.19 MB ( <1%) committed,  1 nodes.
             Both:        1.06 GB reserved,      11.31 MB (  1%) committed. 

Chunk freelists:
   Non-Class:  4.14 MB
       Class:  14.77 MB
        Both:  18.91 MB

MaxMetaspaceSize: unlimited
CompressedClassSpaceSize: 1.00 GB
Initial GC threshold: 21.00 MB
Current GC threshold: 21.00 MB
CDS: on
 - commit_granule_bytes: 65536.
 - commit_granule_words: 8192.
 - virtual_space_node_default_size: 8388608.
 - enlarge_chunks_in_place: 1.
UseCompressedClassPointers 1, UseCompactObjectHeaders 0
Narrow klass pointer bits 32, Max shift 3
Narrow klass base: 0x000001fa8f000000, Narrow klass shift: 0
Encoding Range: [0x000001fa8f000000 - 0x000001fb8f000000), (4294967296 bytes)
Klass Range:    [0x000001fa8f000000 - 0x000001fad0000000), (1090519040 bytes)
Klass ID Range:  [8 - 1090519033) (1090519025)


Internal statistics:

num_allocs_failed_limit: 0.
num_arena_births: 118.
num_arena_deaths: 0.
num_vsnodes_births: 2.
num_vsnodes_deaths: 0.
num_space_committed: 181.
num_space_uncommitted: 0.
num_chunks_returned_to_freelist: 0.
num_chunks_taken_from_freelist: 498.
num_chunk_merges: 0.
num_chunk_splits: 363.
num_chunks_enlarged: 277.
num_inconsistent_stats: 0.

CodeHeap 'non-profiled nmethods': size=120064Kb used=825Kb max_used=825Kb free=119238Kb
 bounds [0x000001fa87ac0000, 0x000001fa87d30000, 0x000001fa8f000000]
CodeHeap 'profiled nmethods': size=120000Kb used=4103Kb max_used=4103Kb free=115896Kb
 bounds [0x000001fa80000000, 0x000001fa80410000, 0x000001fa87530000]
CodeHeap 'non-nmethods': size=5696Kb used=1310Kb max_used=1415Kb free=4386Kb
 bounds [0x000001fa87530000, 0x000001fa877a0000, 0x000001fa87ac0000]
CodeCache: size=245760Kb, used=6238Kb, max_used=6343Kb, free=239520Kb
 total_blobs=3150, nmethods=2675, adapters=380, full_count=0
Compilation: enabled, stopped_count=0, restarted_count=0

Compilation events (20 events):
Event: 2.259 Thread 0x000001fad0179c60 2539       2       java.lang.invoke.DirectMethodHandle::internalMemberName (8 bytes)
Event: 2.260 Thread 0x000001fad0179c60 nmethod 2539 0x000001fa8024b788 code [0x000001fa8024b8a0, 0x000001fa8024b9c8]
Event: 2.261 Thread 0x000001fad0179c60 2540       2       com.sun.tools.javac.util.ArrayUtils::ensureCapacity (61 bytes)
Event: 2.262 Thread 0x000001fad0179c60 nmethod 2540 0x000001fa80257408 code [0x000001fa802575a0, 0x000001fa80257b20]
Event: 2.262 Thread 0x000001fad0179c60 2541       2       sun.nio.fs.WindowsPath::toWindowsPath (32 bytes)
Event: 2.262 Thread 0x000001fad0179c60 nmethod 2541 0x000001fa80256f88 code [0x000001fa802570c0, 0x000001fa802573a8]
Event: 2.266 Thread 0x000001fad0179c60 2542       2       jdk.internal.jimage.BasicImageReader::getResource (24 bytes)
Event: 2.267 Thread 0x000001fad0179c60 nmethod 2542 0x000001fa80256a88 code [0x000001fa80256be0, 0x000001fa80256f28]
Event: 2.267 Thread 0x000001fad0179c60 2543       2       jdk.internal.jimage.BasicImageReader::getBufferBytes (20 bytes)
Event: 2.267 Thread 0x000001fad0179c60 nmethod 2543 0x000001fa80246888 code [0x000001fa802469c0, 0x000001fa80246c68]
Event: 2.267 Thread 0x000001fad0179c60 2544       2       com.sun.tools.javac.code.Scope$ScopeImpl::leave (147 bytes)
Event: 2.268 Thread 0x000001fad0179c60 nmethod 2544 0x000001fa80246008 code [0x000001fa802461a0, 0x000001fa80246800]
Event: 2.268 Thread 0x000001fad0179c60 2545       2       java.util.ArrayDeque::peekFirst (12 bytes)
Event: 2.268 Thread 0x000001fad0179c60 nmethod 2545 0x000001fa8024a508 code [0x000001fa8024a620, 0x000001fa8024a750]
Event: 2.269 Thread 0x000001fad0179c60 2546       2       com.sun.tools.javac.code.Scope$ScopeImpl$1::skipToNextMatchingEntry (48 bytes)
Event: 2.269 Thread 0x000001fad0179c60 nmethod 2546 0x000001fa80256708 code [0x000001fa80256840, 0x000001fa80256a58]
Event: 2.270 Thread 0x000001fad0179c60 2547       2       com.sun.tools.javac.code.Scope$ScopeImpl$1::update (72 bytes)
Event: 2.271 Thread 0x000001fad0179c60 nmethod 2547 0x000001fa8024da88 code [0x000001fa8024dbc0, 0x000001fa8024de68]
Event: 2.271 Thread 0x000001fad0179c60 2548       2       com.sun.tools.javac.comp.Env::dup (14 bytes)
Event: 2.271 Thread 0x000001fad0179c60 nmethod 2548 0x000001fa80245c88 code [0x000001fa80245dc0, 0x000001fa80245f80]

GC Heap History (20 events):
Event: 1.203 GC heap before
{Heap before GC invocations=9 (full 0):
 garbage-first heap   total reserved 2070528K, committed 12288K, used 8916K [0x0000000081a00000, 0x0000000100000000)
  region size 1024K, 3 young (3072K), 1 survivors (1024K)
 Metaspace       used 8988K, committed 9216K, reserved 1114112K
  class space    used 859K, committed 960K, reserved 1048576K
}
Event: 1.208 GC heap after
{Heap after GC invocations=10 (full 0):
 garbage-first heap   total reserved 2070528K, committed 12288K, used 7642K [0x0000000081a00000, 0x0000000100000000)
  region size 1024K, 1 young (1024K), 1 survivors (1024K)
 Metaspace       used 8988K, committed 9216K, reserved 1114112K
  class space    used 859K, committed 960K, reserved 1048576K
}
Event: 1.282 GC heap before
{Heap before GC invocations=11 (full 0):
 garbage-first heap   total reserved 2070528K, committed 15360K, used 10714K [0x0000000081a00000, 0x0000000100000000)
  region size 1024K, 3 young (3072K), 1 survivors (1024K)
 Metaspace       used 8990K, committed 9216K, reserved 1114112K
  class space    used 859K, committed 960K, reserved 1048576K
}
Event: 1.289 GC heap after
{Heap after GC invocations=12 (full 0):
 garbage-first heap   total reserved 2070528K, committed 15360K, used 10051K [0x0000000081a00000, 0x0000000100000000)
  region size 1024K, 1 young (1024K), 1 survivors (1024K)
 Metaspace       used 8990K, committed 9216K, reserved 1114112K
  class space    used 859K, committed 960K, reserved 1048576K
}
Event: 1.331 GC heap before
{Heap before GC invocations=12 (full 0):
 garbage-first heap   total reserved 2070528K, committed 15360K, used 12099K [0x0000000081a00000, 0x0000000100000000)
  region size 1024K, 3 young (3072K), 1 survivors (1024K)
 Metaspace       used 8999K, committed 9216K, reserved 1114112K
  class space    used 859K, committed 960K, reserved 1048576K
}
Event: 1.333 GC heap after
{Heap after GC invocations=13 (full 0):
 garbage-first heap   total reserved 2070528K, committed 15360K, used 10197K [0x0000000081a00000, 0x0000000100000000)
  region size 1024K, 1 young (1024K), 1 survivors (1024K)
 Metaspace       used 8999K, committed 9216K, reserved 1114112K
  class space    used 859K, committed 960K, reserved 1048576K
}
Event: 1.382 GC heap before
{Heap before GC invocations=14 (full 0):
 garbage-first heap   total reserved 2070528K, committed 19456K, used 12245K [0x0000000081a00000, 0x0000000100000000)
  region size 1024K, 3 young (3072K), 1 survivors (1024K)
 Metaspace       used 9014K, committed 9216K, reserved 1114112K
  class space    used 859K, committed 960K, reserved 1048576K
}
Event: 1.383 GC heap after
{Heap after GC invocations=15 (full 0):
 garbage-first heap   total reserved 2070528K, committed 19456K, used 10212K [0x0000000081a00000, 0x0000000100000000)
  region size 1024K, 1 young (1024K), 1 survivors (1024K)
 Metaspace       used 9014K, committed 9216K, reserved 1114112K
  class space    used 859K, committed 960K, reserved 1048576K
}
Event: 1.469 GC heap before
{Heap before GC invocations=15 (full 0):
 garbage-first heap   total reserved 2070528K, committed 19456K, used 14308K [0x0000000081a00000, 0x0000000100000000)
  region size 1024K, 5 young (5120K), 1 survivors (1024K)
 Metaspace       used 9189K, committed 9408K, reserved 1114112K
  class space    used 881K, committed 1024K, reserved 1048576K
}
Event: 1.472 GC heap after
{Heap after GC invocations=16 (full 0):
 garbage-first heap   total reserved 2070528K, committed 19456K, used 10860K [0x0000000081a00000, 0x0000000100000000)
  region size 1024K, 1 young (1024K), 1 survivors (1024K)
 Metaspace       used 9189K, committed 9408K, reserved 1114112K
  class space    used 881K, committed 1024K, reserved 1048576K
}
Event: 1.651 GC heap before
{Heap before GC invocations=17 (full 0):
 garbage-first heap   total reserved 2070528K, committed 19456K, used 14956K [0x0000000081a00000, 0x0000000100000000)
  region size 1024K, 5 young (5120K), 1 survivors (1024K)
 Metaspace       used 9444K, committed 9664K, reserved 1114112K
  class space    used 908K, committed 1024K, reserved 1048576K
}
Event: 1.656 GC heap after
{Heap after GC invocations=18 (full 0):
 garbage-first heap   total reserved 2070528K, committed 19456K, used 11583K [0x0000000081a00000, 0x0000000100000000)
  region size 1024K, 1 young (1024K), 1 survivors (1024K)
 Metaspace       used 9444K, committed 9664K, reserved 1114112K
  class space    used 908K, committed 1024K, reserved 1048576K
}
Event: 1.683 GC heap before
{Heap before GC invocations=18 (full 0):
 garbage-first heap   total reserved 2070528K, committed 19456K, used 15679K [0x0000000081a00000, 0x0000000100000000)
  region size 1024K, 5 young (5120K), 1 survivors (1024K)
 Metaspace       used 9465K, committed 9664K, reserved 1114112K
  class space    used 911K, committed 1024K, reserved 1048576K
}
Event: 1.688 GC heap after
{Heap after GC invocations=19 (full 0):
 garbage-first heap   total reserved 2070528K, committed 30720K, used 12094K [0x0000000081a00000, 0x0000000100000000)
  region size 1024K, 1 young (1024K), 1 survivors (1024K)
 Metaspace       used 9465K, committed 9664K, reserved 1114112K
  class space    used 911K, committed 1024K, reserved 1048576K
}
Event: 1.812 GC heap before
{Heap before GC invocations=19 (full 0):
 garbage-first heap   total reserved 2070528K, committed 30720K, used 21310K [0x0000000081a00000, 0x0000000100000000)
  region size 1024K, 11 young (11264K), 1 survivors (1024K)
 Metaspace       used 9548K, committed 9728K, reserved 1114112K
  class space    used 915K, committed 1024K, reserved 1048576K
}
Event: 1.820 GC heap after
{Heap after GC invocations=20 (full 0):
 garbage-first heap   total reserved 2070528K, committed 30720K, used 13730K [0x0000000081a00000, 0x0000000100000000)
  region size 1024K, 2 young (2048K), 2 survivors (2048K)
 Metaspace       used 9548K, committed 9728K, reserved 1114112K
  class space    used 915K, committed 1024K, reserved 1048576K
}
Event: 1.980 GC heap before
{Heap before GC invocations=20 (full 0):
 garbage-first heap   total reserved 2070528K, committed 30720K, used 20898K [0x0000000081a00000, 0x0000000100000000)
  region size 1024K, 10 young (10240K), 2 survivors (2048K)
 Metaspace       used 9695K, committed 9920K, reserved 1114112K
  class space    used 916K, committed 1024K, reserved 1048576K
}
Event: 1.992 GC heap after
{Heap after GC invocations=21 (full 0):
 garbage-first heap   total reserved 2070528K, committed 30720K, used 15635K [0x0000000081a00000, 0x0000000100000000)
  region size 1024K, 2 young (2048K), 2 survivors (2048K)
 Metaspace       used 9695K, committed 9920K, reserved 1114112K
  class space    used 916K, committed 1024K, reserved 1048576K
}
Event: 2.196 GC heap before
{Heap before GC invocations=21 (full 0):
 garbage-first heap   total reserved 2070528K, committed 30720K, used 22803K [0x0000000081a00000, 0x0000000100000000)
  region size 1024K, 10 young (10240K), 2 survivors (2048K)
 Metaspace       used 10248K, committed 10432K, reserved 1114112K
  class space    used 987K, committed 1088K, reserved 1048576K
}
Event: 2.202 GC heap after
{Heap after GC invocations=22 (full 0):
 garbage-first heap   total reserved 2070528K, committed 30720K, used 17361K [0x0000000081a00000, 0x0000000100000000)
  region size 1024K, 2 young (2048K), 2 survivors (2048K)
 Metaspace       used 10248K, committed 10432K, reserved 1114112K
  class space    used 987K, committed 1088K, reserved 1048576K
}

Dll operation events (6 events):
Event: 0.047 Loaded shared library C:\Program Files\Apache NetBeans\jdk\bin\java.dll
Event: 0.081 Loaded shared library C:\Program Files\Apache NetBeans\jdk\bin\jsvml.dll
Event: 0.132 Loaded shared library C:\Program Files\Apache NetBeans\jdk\bin\jimage.dll
Event: 0.226 Loaded shared library C:\Program Files\Apache NetBeans\jdk\bin\net.dll
Event: 0.229 Loaded shared library C:\Program Files\Apache NetBeans\jdk\bin\nio.dll
Event: 0.280 Loaded shared library C:\Program Files\Apache NetBeans\jdk\bin\zip.dll

Deoptimization events (20 events):
Event: 2.109 Thread 0x000001fae78ba730 Uncommon trap: trap_request=0xffffff4d fr.pc=0x000001fa87b16138 relative=0x0000000000000a38
Event: 2.109 Thread 0x000001fae78ba730 Uncommon trap: reason=unstable_if action=reinterpret pc=0x000001fa87b16138 method=java.lang.String.hashCode()I @ 42 c2
Event: 2.110 Thread 0x000001fae78ba730 DEOPT PACKING pc=0x000001fa87b16138 sp=0x0000001d33ffe070
Event: 2.110 Thread 0x000001fae78ba730 DEOPT UNPACKING pc=0x000001fa87647682 sp=0x0000001d33ffde40 mode 2
Event: 2.169 Thread 0x000001fae78ba730 Uncommon trap: trap_request=0xffffff4d fr.pc=0x000001fa87b412d4 relative=0x00000000000001b4
Event: 2.169 Thread 0x000001fae78ba730 Uncommon trap: reason=unstable_if action=reinterpret pc=0x000001fa87b412d4 method=jdk.internal.util.ArraysSupport.mismatch([B[BI)I @ 38 c2
Event: 2.169 Thread 0x000001fae78ba730 DEOPT PACKING pc=0x000001fa87b412d4 sp=0x0000001d33ffca70
Event: 2.169 Thread 0x000001fae78ba730 DEOPT UNPACKING pc=0x000001fa87647682 sp=0x0000001d33ffca38 mode 2
Event: 2.220 Thread 0x000001fae78ba730 Uncommon trap: trap_request=0xffffffc6 fr.pc=0x000001fa87b273a4 relative=0x00000000000005e4
Event: 2.220 Thread 0x000001fae78ba730 Uncommon trap: reason=bimorphic_or_optimized_type_check action=maybe_recompile pc=0x000001fa87b273a4 method=java.util.HashMap.putVal(ILjava/lang/Object;Ljava/lang/Object;ZZ)Ljava/lang/Object; @ 253 c2
Event: 2.220 Thread 0x000001fae78ba730 DEOPT PACKING pc=0x000001fa87b273a4 sp=0x0000001d33fff2f0
Event: 2.220 Thread 0x000001fae78ba730 DEOPT UNPACKING pc=0x000001fa87647682 sp=0x0000001d33fff1f8 mode 2
Event: 2.222 Thread 0x000001fae78ba730 Uncommon trap: trap_request=0xffffffc6 fr.pc=0x000001fa87b273a4 relative=0x00000000000005e4
Event: 2.222 Thread 0x000001fae78ba730 Uncommon trap: reason=bimorphic_or_optimized_type_check action=maybe_recompile pc=0x000001fa87b273a4 method=java.util.HashMap.putVal(ILjava/lang/Object;Ljava/lang/Object;ZZ)Ljava/lang/Object; @ 253 c2
Event: 2.222 Thread 0x000001fae78ba730 DEOPT PACKING pc=0x000001fa87b273a4 sp=0x0000001d33fff2e0
Event: 2.222 Thread 0x000001fae78ba730 DEOPT UNPACKING pc=0x000001fa87647682 sp=0x0000001d33fff1e8 mode 2
Event: 2.222 Thread 0x000001fae78ba730 Uncommon trap: trap_request=0xffffffc6 fr.pc=0x000001fa87b27ec0 relative=0x00000000000005a0
Event: 2.222 Thread 0x000001fae78ba730 Uncommon trap: reason=bimorphic_or_optimized_type_check action=maybe_recompile pc=0x000001fa87b27ec0 method=java.util.HashMap.putVal(ILjava/lang/Object;Ljava/lang/Object;ZZ)Ljava/lang/Object; @ 253 c2
Event: 2.222 Thread 0x000001fae78ba730 DEOPT PACKING pc=0x000001fa87b27ec0 sp=0x0000001d33fff240
Event: 2.222 Thread 0x000001fae78ba730 DEOPT UNPACKING pc=0x000001fa87647682 sp=0x0000001d33fff1e0 mode 2

Classes loaded (20 events):
Event: 1.335 Loading class java/util/concurrent/locks/AbstractQueuedSynchronizer$Node
Event: 1.335 Loading class java/util/concurrent/locks/AbstractQueuedSynchronizer$Node done
Event: 1.399 Loading class java/util/ComparableTimSort
Event: 1.399 Loading class java/util/ComparableTimSort done
Event: 1.436 Loading class java/nio/file/Files$2
Event: 1.437 Loading class java/nio/file/Files$2 done
Event: 1.604 Loading class java/util/LinkedList$Node
Event: 1.604 Loading class java/util/LinkedList$Node done
Event: 1.950 Loading class java/nio/file/FileTreeWalker$1
Event: 1.950 Loading class java/nio/file/FileTreeWalker$1 done
Event: 2.145 Loading class java/util/stream/ReduceOps$1
Event: 2.145 Loading class java/util/stream/ReduceOps$1 done
Event: 2.145 Loading class java/util/stream/ReduceOps$1ReducingSink
Event: 2.145 Loading class java/util/stream/ReduceOps$1ReducingSink done
Event: 2.227 Loading class java/lang/MatchException
Event: 2.227 Loading class java/lang/MatchException done
Event: 2.260 Loading class java/util/function/ToIntBiFunction
Event: 2.260 Loading class java/util/function/ToIntBiFunction done
Event: 2.263 Loading class sun/nio/ch/ChannelOutputStream
Event: 2.264 Loading class sun/nio/ch/ChannelOutputStream done

Classes unloaded (0 events):
No events

Classes redefined (0 events):
No events

Internal exceptions (20 events):
Event: 1.575 Thread 0x000001fae78ba730 Exception <a 'sun/nio/fs/WindowsException'{0x0000000082a64fe0}> (0x0000000082a64fe0) 
thrown [s\src\hotspot\share\prims\jni.cpp, line 518]
Event: 1.576 Thread 0x000001fae78ba730 Exception <a 'sun/nio/fs/WindowsException'{0x0000000082a65a80}> (0x0000000082a65a80) 
thrown [s\src\hotspot\share\prims\jni.cpp, line 518]
Event: 1.589 Thread 0x000001fae78ba730 Exception <a 'java/lang/NoSuchMethodError'{0x0000000082acca10}: 'java.lang.Object java.lang.invoke.DirectMethodHandle$Holder.invokeVirtual(java.lang.Object, java.lang.Object, java.lang.Object, int, int)'> (0x0000000082acca10) 
thrown [s\src\hotspot\share\interpreter\linkResolver.cpp, line 805]
Event: 1.621 Thread 0x000001fae78ba730 Exception <a 'java/lang/NoSuchMethodError'{0x0000000082947ee0}: 'java.lang.Object java.lang.invoke.DirectMethodHandle$Holder.invokeInterface(java.lang.Object, java.lang.Object)'> (0x0000000082947ee0) 
thrown [s\src\hotspot\share\interpreter\linkResolver.cpp, line 805]
Event: 1.765 Thread 0x000001fae78ba730 Exception <a 'sun/nio/fs/WindowsException'{0x00000000833d1010}> (0x00000000833d1010) 
thrown [s\src\hotspot\share\prims\jni.cpp, line 518]
Event: 1.765 Thread 0x000001fae78ba730 Exception <a 'sun/nio/fs/WindowsException'{0x00000000833d1ac0}> (0x00000000833d1ac0) 
thrown [s\src\hotspot\share\prims\jni.cpp, line 518]
Event: 1.949 Thread 0x000001fae78ba730 Exception <a 'sun/nio/fs/WindowsException'{0x00000000830e5cc0}> (0x00000000830e5cc0) 
thrown [s\src\hotspot\share\prims\jni.cpp, line 518]
Event: 1.951 Thread 0x000001fae78ba730 Exception <a 'sun/nio/fs/WindowsException'{0x00000000830e8098}> (0x00000000830e8098) 
thrown [s\src\hotspot\share\prims\jni.cpp, line 518]
Event: 1.951 Thread 0x000001fae78ba730 Exception <a 'sun/nio/fs/WindowsException'{0x00000000830e9748}> (0x00000000830e9748) 
thrown [s\src\hotspot\share\prims\jni.cpp, line 518]
Event: 1.951 Thread 0x000001fae78ba730 Exception <a 'sun/nio/fs/WindowsException'{0x00000000830eaa38}> (0x00000000830eaa38) 
thrown [s\src\hotspot\share\prims\jni.cpp, line 518]
Event: 1.952 Thread 0x000001fae78ba730 Exception <a 'sun/nio/fs/WindowsException'{0x00000000830ec278}> (0x00000000830ec278) 
thrown [s\src\hotspot\share\prims\jni.cpp, line 518]
Event: 1.959 Thread 0x000001fae78ba730 Exception <a 'sun/nio/fs/WindowsException'{0x0000000082f292a8}> (0x0000000082f292a8) 
thrown [s\src\hotspot\share\prims\jni.cpp, line 518]
Event: 2.030 Thread 0x000001fae78ba730 Exception <a 'sun/nio/fs/WindowsException'{0x0000000083538df8}> (0x0000000083538df8) 
thrown [s\src\hotspot\share\prims\jni.cpp, line 518]
Event: 2.031 Thread 0x000001fae78ba730 Exception <a 'sun/nio/fs/WindowsException'{0x0000000083539dc0}> (0x0000000083539dc0) 
thrown [s\src\hotspot\share\prims\jni.cpp, line 518]
Event: 2.031 Thread 0x000001fae78ba730 Exception <a 'sun/nio/fs/WindowsException'{0x000000008353b5f0}> (0x000000008353b5f0) 
thrown [s\src\hotspot\share\prims\jni.cpp, line 518]
Event: 2.033 Thread 0x000001fae78ba730 Exception <a 'sun/nio/fs/WindowsException'{0x0000000083568568}> (0x0000000083568568) 
thrown [s\src\hotspot\share\prims\jni.cpp, line 518]
Event: 2.046 Thread 0x000001fae78ba730 Exception <a 'sun/nio/fs/WindowsException'{0x00000000835c00b0}> (0x00000000835c00b0) 
thrown [s\src\hotspot\share\prims\jni.cpp, line 518]
Event: 2.053 Thread 0x000001fae78ba730 Exception <a 'sun/nio/fs/WindowsException'{0x00000000834aece0}> (0x00000000834aece0) 
thrown [s\src\hotspot\share\prims\jni.cpp, line 518]
Event: 2.262 Thread 0x000001fae78ba730 Exception <a 'sun/nio/fs/WindowsException'{0x00000000835a4bd0}> (0x00000000835a4bd0) 
thrown [s\src\hotspot\share\prims\jni.cpp, line 518]
Event: 2.262 Thread 0x000001fae78ba730 Exception <a 'sun/nio/fs/WindowsException'{0x00000000835a5068}> (0x00000000835a5068) 
thrown [s\src\hotspot\share\prims\jni.cpp, line 518]

VM Operations (20 events):
Event: 1.505 Executing VM operation: G1PauseCleanup
Event: 1.505 Executing VM operation: G1PauseCleanup done
Event: 1.651 Executing VM operation: G1CollectForAllocation (G1 Evacuation Pause)
Event: 1.656 Executing VM operation: G1CollectForAllocation (G1 Evacuation Pause) done
Event: 1.683 Executing VM operation: G1CollectForAllocation (G1 Evacuation Pause)
Event: 1.688 Executing VM operation: G1CollectForAllocation (G1 Evacuation Pause) done
Event: 1.812 Executing VM operation: G1CollectForAllocation (G1 Evacuation Pause)
Event: 1.820 Executing VM operation: G1CollectForAllocation (G1 Evacuation Pause) done
Event: 1.980 Executing VM operation: G1CollectForAllocation (G1 Evacuation Pause)
Event: 1.992 Executing VM operation: G1CollectForAllocation (G1 Evacuation Pause) done
Event: 2.171 Executing VM operation: HandshakeAllThreads (Deoptimize)
Event: 2.171 Executing VM operation: HandshakeAllThreads (Deoptimize) done
Event: 2.196 Executing VM operation: G1CollectForAllocation (G1 Evacuation Pause)
Event: 2.202 Executing VM operation: G1CollectForAllocation (G1 Evacuation Pause) done
Event: 2.229 Executing VM operation: HandshakeAllThreads (Deoptimize)
Event: 2.229 Executing VM operation: HandshakeAllThreads (Deoptimize) done
Event: 2.237 Executing VM operation: G1PauseRemark
Event: 2.239 Executing VM operation: G1PauseRemark done
Event: 2.251 Executing VM operation: G1PauseCleanup
Event: 2.251 Executing VM operation: G1PauseCleanup done

Memory protections (0 events):
No events

Nmethod flushes (20 events):
Event: 2.239 Thread 0x000001fae9c3eac0 flushing  nmethod 0x000001fa8024da88
Event: 2.239 Thread 0x000001fae9c3eac0 flushing  nmethod 0x000001fa8024e488
Event: 2.239 Thread 0x000001fae9c3eac0 flushing  nmethod 0x000001fa8024f388
Event: 2.239 Thread 0x000001fae9c3eac0 flushing  nmethod 0x000001fa8024f808
Event: 2.239 Thread 0x000001fae9c3eac0 flushing  nmethod 0x000001fa80251908
Event: 2.239 Thread 0x000001fae9c3eac0 flushing  nmethod 0x000001fa80251c08
Event: 2.239 Thread 0x000001fae9c3eac0 flushing  nmethod 0x000001fa80252108
Event: 2.239 Thread 0x000001fae9c3eac0 flushing  nmethod 0x000001fa80252508
Event: 2.239 Thread 0x000001fae9c3eac0 flushing  nmethod 0x000001fa80253c08
Event: 2.239 Thread 0x000001fae9c3eac0 flushing  nmethod 0x000001fa80249708
Event: 2.239 Thread 0x000001fae9c3eac0 flushing  nmethod 0x000001fa8024a508
Event: 2.239 Thread 0x000001fae9c3eac0 flushing  nmethod 0x000001fa8024aa88
Event: 2.239 Thread 0x000001fae9c3eac0 flushing  nmethod 0x000001fa8024b788
Event: 2.239 Thread 0x000001fae9c3eac0 flushing  nmethod 0x000001fa8024bb88
Event: 2.239 Thread 0x000001fae9c3eac0 flushing  nmethod 0x000001fa80255108
Event: 2.239 Thread 0x000001fae9c3eac0 flushing  nmethod 0x000001fa80256708
Event: 2.239 Thread 0x000001fae9c3eac0 flushing  nmethod 0x000001fa80257888
Event: 2.239 Thread 0x000001fae9c3eac0 flushing  nmethod 0x000001fa80257f88
Event: 2.239 Thread 0x000001fae9c3eac0 flushing  nmethod 0x000001fa80258708
Event: 2.239 Thread 0x000001fae9c3eac0 flushing  nmethod 0x000001fa8025d408

Events (12 events):
Event: 0.063 Thread 0x000001fae78ba730 Thread added: 0x000001fae78ba730
Event: 0.078 Thread 0x000001fae78ba730 Thread added: 0x000001fad0138880
Event: 0.078 Thread 0x000001fae78ba730 Thread added: 0x000001fad0139880
Event: 0.078 Thread 0x000001fae78ba730 Thread added: 0x000001fad013e420
Event: 0.078 Thread 0x000001fae78ba730 Thread added: 0x000001fad013f360
Event: 0.078 Thread 0x000001fae78ba730 Thread added: 0x000001fad01402a0
Event: 0.079 Thread 0x000001fae78ba730 Thread added: 0x000001fad0148de0
Event: 0.079 Thread 0x000001fae78ba730 Thread added: 0x000001fad016ced0
Event: 0.079 Thread 0x000001fae78ba730 Thread added: 0x000001fad0179c60
Event: 0.129 Thread 0x000001fae78ba730 Thread added: 0x000001fad032f5a0
Event: 0.225 Thread 0x000001fae78ba730 Thread added: 0x000001fad0474880
Event: 0.299 Thread 0x000001fad0179c60 Thread added: 0x000001fad0a90bd0


Dynamic libraries:
0x00007ff66b350000 - 0x00007ff66b358000 	C:\Program Files\Apache NetBeans\jdk\bin\javac.exe
0x00007ff981150000 - 0x00007ff981367000 	C:\Windows\SYSTEM32\ntdll.dll
0x00007ff980520000 - 0x00007ff9805e4000 	C:\Windows\System32\KERNEL32.DLL
0x00007ff97e500000 - 0x00007ff97e8b7000 	C:\Windows\System32\KERNELBASE.dll
0x00007ff97a010000 - 0x00007ff97a0a7000 	C:\Windows\SYSTEM32\apphelp.dll
0x00007ff97ead0000 - 0x00007ff97ebe1000 	C:\Windows\System32\ucrtbase.dll
0x00007ff9681f0000 - 0x00007ff96820e000 	C:\Program Files\Apache NetBeans\jdk\bin\VCRUNTIME140.dll
0x00007ff9632c0000 - 0x00007ff9632d6000 	C:\Program Files\Apache NetBeans\jdk\bin\jli.dll
0x00007ff97f5d0000 - 0x00007ff97f77f000 	C:\Windows\System32\USER32.dll
0x00007ff974340000 - 0x00007ff9745d3000 	C:\Windows\WinSxS\amd64_microsoft.windows.common-controls_6595b64144ccf1df_6.0.22621.3672_none_2713b9d173822955\COMCTL32.dll
0x00007ff97eaa0000 - 0x00007ff97eac6000 	C:\Windows\System32\win32u.dll
0x00007ff97f8b0000 - 0x00007ff97f957000 	C:\Windows\System32\msvcrt.dll
0x00007ff980b10000 - 0x00007ff980b39000 	C:\Windows\System32\GDI32.dll
0x00007ff97ebf0000 - 0x00007ff97ed08000 	C:\Windows\System32\gdi32full.dll
0x00007ff97e460000 - 0x00007ff97e4fa000 	C:\Windows\System32\msvcp_win.dll
0x00007ff980fd0000 - 0x00007ff981001000 	C:\Windows\System32\IMM32.DLL
0x00007ff968fd0000 - 0x00007ff968fdc000 	C:\Program Files\Apache NetBeans\jdk\bin\vcruntime140_1.dll
0x00007ff9496b0000 - 0x00007ff94973d000 	C:\Program Files\Apache NetBeans\jdk\bin\msvcp140.dll
0x00007ff8f8370000 - 0x00007ff8f91ec000 	C:\Program Files\Apache NetBeans\jdk\bin\server\jvm.dll
0x00007ff97efd0000 - 0x00007ff97f082000 	C:\Windows\System32\ADVAPI32.dll
0x00007ff97f780000 - 0x00007ff97f828000 	C:\Windows\System32\sechost.dll
0x00007ff97e940000 - 0x00007ff97e968000 	C:\Windows\System32\bcrypt.dll
0x00007ff97ee80000 - 0x00007ff97ef94000 	C:\Windows\System32\RPCRT4.dll
0x00007ff97f9f0000 - 0x00007ff97fa61000 	C:\Windows\System32\WS2_32.dll
0x00007ff97e330000 - 0x00007ff97e37d000 	C:\Windows\SYSTEM32\POWRPROF.dll
0x00007ff976f00000 - 0x00007ff976f34000 	C:\Windows\SYSTEM32\WINMM.dll
0x00007ff973650000 - 0x00007ff97365a000 	C:\Windows\SYSTEM32\VERSION.dll
0x00007ff97e310000 - 0x00007ff97e323000 	C:\Windows\SYSTEM32\UMPDC.dll
0x00007ff97d4b0000 - 0x00007ff97d4c8000 	C:\Windows\SYSTEM32\kernel.appcore.dll
0x00007ff967310000 - 0x00007ff96731a000 	C:\Program Files\Apache NetBeans\jdk\bin\jimage.dll
0x00007ff96e040000 - 0x00007ff96e272000 	C:\Windows\SYSTEM32\DBGHELP.DLL
0x00007ff980c40000 - 0x00007ff980fce000 	C:\Windows\System32\combase.dll
0x00007ff980600000 - 0x00007ff9806d7000 	C:\Windows\System32\OLEAUT32.dll
0x00007ff9692c0000 - 0x00007ff9692f2000 	C:\Windows\SYSTEM32\dbgcore.DLL
0x00007ff97e8c0000 - 0x00007ff97e93b000 	C:\Windows\System32\bcryptPrimitives.dll
0x00007ff9658d0000 - 0x00007ff9658ee000 	C:\Program Files\Apache NetBeans\jdk\bin\java.dll
0x00007ff980900000 - 0x00007ff980aa5000 	C:\Windows\System32\ole32.dll
0x00007ff97fa70000 - 0x00007ff9802d9000 	C:\Windows\System32\SHELL32.dll
0x00007ff97c3d0000 - 0x00007ff97cccf000 	C:\Windows\SYSTEM32\windows.storage.dll
0x00007ff97c290000 - 0x00007ff97c3cf000 	C:\Windows\SYSTEM32\wintypes.dll
0x00007ff980b40000 - 0x00007ff980c39000 	C:\Windows\System32\SHCORE.dll
0x00007ff980ab0000 - 0x00007ff980b0e000 	C:\Windows\System32\shlwapi.dll
0x00007ff97e390000 - 0x00007ff97e3b7000 	C:\Windows\SYSTEM32\profapi.dll
0x00007ff92b0b0000 - 0x00007ff92b187000 	C:\Program Files\Apache NetBeans\jdk\bin\jsvml.dll
0x00007ff9658c0000 - 0x00007ff9658d0000 	C:\Program Files\Apache NetBeans\jdk\bin\net.dll
0x00007ff97d920000 - 0x00007ff97d989000 	C:\Windows\system32\mswsock.dll
0x00007ff95fe30000 - 0x00007ff95fe46000 	C:\Program Files\Apache NetBeans\jdk\bin\nio.dll
0x00007ff9618a0000 - 0x00007ff9618b7000 	C:\Program Files\Apache NetBeans\jdk\bin\zip.dll

JVMTI agents: none

dbghelp: loaded successfully - version: 4.0.5 - missing functions: none
symbol engine: initialized successfully - sym options: 0x614 - pdb path: .;C:\Program Files\Apache NetBeans\jdk\bin;C:\Windows\SYSTEM32;C:\Windows\WinSxS\amd64_microsoft.windows.common-controls_6595b64144ccf1df_6.0.22621.3672_none_2713b9d173822955;C:\Program Files\Apache NetBeans\jdk\bin\server

VM Arguments:
jvm_args: -Dapplication.home=C:\Program Files\Apache NetBeans\jdk --add-modules=ALL-DEFAULT -Xms8m -Djdk.module.main=jdk.compiler 
java_command: jdk.compiler/com.sun.tools.javac.Main -d C:\Users\charlie\Documents\NetBeansProjects\CaiseEglise\build\classes -classpath C:\Users\charlie\Documents\NetBeansProjects\CaiseEglise\build\classes;C:\Users\charlie\Desktop\aaaaaa\mysql-connector-j-9.2.0\mysql-connector-j-9.2.0\mysql-connector-j-9.2.0.jar;C:\Users\charlie\Downloads\jcalendar-1.4.jar;C:\Users\charlie\Downloads\flatlaf-3.6.1.jar;C:\Users\charlie\Downloads\commons-logging-1.2.jar;C:\Users\charlie\Downloads\fontbox-3.0.5.jar;C:\Users\charlie\Downloads\zz\pdfbox-app-3.0.5.jar;C:\Users\charlie\Downloads\itextpdf-5.1.1.jar -sourcepath C:\Users\charlie\Documents\NetBeansProjects\CaiseEglise\build\empty -target 24 -encoding UTF-8 -g -processorpath C:\Users\charlie\Desktop\aaaaaa\mysql-connector-j-9.2.0\mysql-connector-j-9.2.0\mysql-connector-j-9.2.0.jar;C:\Users\charlie\Downloads\jcalendar-1.4.jar;C:\Users\charlie\Downloads\flatlaf-3.6.1.jar;C:\Users\charlie\Downloads\commons-logging-1.2.jar;C:\Users\charlie\Downloads\fontbox-3.0.5.jar;C:\Users\charlie\Downloads\zz\pdfbox-app-3.0.5.jar;C:\Users\charlie\Downloads\itextpdf-5.1.1.jar;C:\Users\charlie\Documents\NetBeansProjects\CaiseEglise\build\empty -s C:\Users\charlie\Documents\NetBeansProjects\CaiseEglise\build\generated-sources\ap-source-output -source 24 C:\Users\charlie\Documents\NetBeansProjects\CaiseEglise\src\caiseeglise\CaiseEglise.java C:\Users\charlie\Documents\NetBeansProjects\CaiseEglise\src\caiseeglise\Controlleurs\Controlleur.java C:\Users\charlie\Documents\NetBeansProjects\CaiseEglise\src\caiseeglise\Controlleurs\EgliseController.java C:\Users\charlie\Documents\NetBeansProjects\CaiseEglise\src\caiseeglise\EgliseForm\EgliseAjoute.java C:\Users\charlie\Documents\NetBeansProjects\CaiseEglise\src\caiseeglise\EgliseForm\EgliseModifier.java C:\Users\charlie\Documents\NetBeansProjects\CaiseEglise\src\caiseeglise\EgliseForm\EgliseSupprimer.java C:\Users\charlie\Documents\NetBeansProjects\CaiseEglise\src\caiseeglise\EgliseView.java C:\Users\cha
java_class_path (initial): <not set>
Launcher Type: SUN_STANDARD

[Global flags]
     intx CICompilerCount                          = 3                                         {product} {ergonomic}
     uint ConcGCThreads                            = 1                                         {product} {ergonomic}
     uint G1ConcRefinementThreads                  = 4                                         {product} {ergonomic}
   size_t G1HeapRegionSize                         = 1048576                                   {product} {ergonomic}
   size_t InitialHeapSize                          = 8388608                                   {product} {command line}
   size_t MarkStackSize                            = 4194304                                   {product} {ergonomic}
   size_t MarkStackSizeMax                         = 536870912                                 {product} {ergonomic}
   size_t MaxHeapSize                              = 2120220672                                {product} {ergonomic}
   size_t MaxNewSize                               = 1271922688                                {product} {ergonomic}
   size_t MinHeapDeltaBytes                        = 1048576                                   {product} {ergonomic}
   size_t MinHeapSize                              = 8388608                                   {product} {command line}
    uintx NonNMethodCodeHeapSize                   = 5832704                                {pd product} {ergonomic}
    uintx NonProfiledCodeHeapSize                  = 122945536                              {pd product} {ergonomic}
    uintx ProfiledCodeHeapSize                     = 122880000                              {pd product} {ergonomic}
    uintx ReservedCodeCacheSize                    = 251658240                              {pd product} {ergonomic}
     bool SegmentedCodeCache                       = true                                      {product} {ergonomic}
   size_t SoftMaxHeapSize                          = 2120220672                             {manageable} {ergonomic}
     bool UseCompressedOops                        = true                           {product lp64_product} {ergonomic}
     bool UseG1GC                                  = true                                      {product} {ergonomic}
     bool UseLargePagesIndividualAllocation        = false                                  {pd product} {ergonomic}

Logging:
Log output configuration:
 #0: stdout all=warning uptime,level,tags foldmultilines=false
 #1: stderr all=off uptime,level,tags foldmultilines=false

Environment Variables:
PATH=C:\Program Files\Common Files\Oracle\Java\javapath;C:\Windows\system32;C:\Windows;C:\Windows\System32\Wbem;C:\Windows\System32\WindowsPowerShell\v1.0\;C:\Windows\System32\OpenSSH\;C:\Program Files\mingw64\bin;C:\Program Files\Git\cmd;C:\composer;C:\Program Files\Android\platform-tools;C:\Program Files\scrcpy-win64-v3.1\scrcpy-win64-v3.1;C:\Program Files\AutoHotkey\v2\AutoHotkey64.exe;C:\ProgramData\chocolatey\bin;C:\Program Files\Meson\;C:\Program Files (x86)\VideoLAN\VLC;C:\Program Files\nodejs\;C:\Program Files (x86)\sndcpy;C:\Program Files (x86)\VideoLAN\VLC;C:\Program Files\scrcpy1;C:\Program Files\Microsoft SQL Server\150\Tools\Binn\;C:\Program Files\Microsoft SQL Server\Client SDK\ODBC\170\Tools\Binn\;C:\Program Files\dotnet\;C:\Program Files (x86)\Windows Kits\10\Windows Performance Toolkit\;C:\Users\charlie\AppData\Local\Programs\Python\Python312\Scripts\;C:\Users\charlie\AppData\Local\Programs\Python\Python312\;C:\Users\charlie\AppData\Local\Programs\Python\Launcher\;C:\Users\charlie\AppData\Local\Microsoft\WindowsApps;C:\Program Files\JetBrains\PyCharm 2024.2.3\bin;C:\Users\charlie\AppData\Local\GitHubDesktop\bin;C:\Program Files\JetBrains\PyCharm Community Edition 2024.2.1\bin;C:\Program Files\PHP;C:\Users\charlie\AppData\Roaming\Composer\vendor\bin;C:\ProgramData\mingw64\mingw64\bin;C:\Users\charlie\AppData\Roaming\npm;C:\Users\charlie\.dotnet\tools;C:\Users\charlie\AppData\Local\JetBrains\Toolbox\scripts;C:\Users\charlie\AppData\Local\Programs\Microsoft VS Code\bin;C:\Program Files\JetBrains\IntelliJ IDEA Community Edition 2024.3.5\bin
USERNAME=charlie
OS=Windows_NT
PROCESSOR_IDENTIFIER=Intel64 Family 6 Model 61 Stepping 4, GenuineIntel
TMP=C:\Users\charlie\AppData\Local\Temp
TEMP=C:\Users\charlie\AppData\Local\Temp




Periodic native trim disabled

---------------  S Y S T E M  ---------------

OS:
 Windows 11 , 64 bit Build 22621 (10.0.22621.3958)
OS uptime: 1 days 12:38 hours

CPU: total 4 (initial active 4) (2 cores per cpu, 2 threads per core) family 6 model 61 stepping 4 microcode 0x2f, cx8, cmov, fxsr, ht, mmx, 3dnowpref, sse, sse2, sse3, ssse3, sse4.1, sse4.2, popcnt, lzcnt, tsc, tscinvbit, avx, avx2, aes, erms, clmul, bmi1, bmi2, adx, fma, vzeroupper, clflush, rdtscp, f16c
Processor Information for the first 4 processors :
  Max Mhz: 2201, Current Mhz: 2201, Mhz Limit: 2201

Memory: 4k page, system-wide physical 8083M (1210M free)
TotalPageFile size 14227M (AvailPageFile size 2332M)
current process WorkingSet (physical memory assigned to process): 127M, peak: 127M
current process commit charge ("private bytes"): 147M, peak: 148M

vm_info: OpenJDK 64-Bit Server VM (24.0.1+9) for windows-amd64 JRE (24.0.1+9) (Zulu24.30+11-CA), built on 2025-03-21T13:52:34Z with MS VC++ 17.1 (VS2022)

END.
